<?xml version="1.0" encoding="UTF-8"?>
<!-- Generated by org.testng.reporters.JUnitReportReporter -->
<testsuite hostname="DESKTOP-KIS4N2E" failures="0" tests="1" name="coverFoxTest.CF_TC555_Validate_search_results_for_healthcare_policies" time="23.829" errors="0" timestamp="2024-01-15T13:26:59 IST" skipped="0">
  <testcase classname="coverFoxTest.CF_TC555_Validate_search_results_for_healthcare_policies" name="validateTestPlansFromTextAndBanners" time="23.829"/>
  <system-out>
    <![CDATA[Launching browser 
Reading data from excelSheet
Reading data from excelSheet
Reading data from excelSheet
Entering mobile Num..
Closing browser ]]>
  </system-out>
</testsuite> <!-- coverFoxTest.CF_TC555_Validate_search_results_for_healthcare_policies -->
